<?xml version="1.0" encoding="UTF-8"?>
<!-- Generated by org.testng.reporters.JUnitXMLReporter -->
<testsuite ignored="0" hostname="DESKTOP-BUGJDR2" failures="1" tests="13" name="Surefire test" time="454.945" errors="0" timestamp="2022-07-17T14:50:52 EET">
  <testcase classname="com.musala.testcases.TestCase1" name="ShouldBeAbleToValidateEmail" time="34.951"/>
  <testcase classname="com.musala.testcases.TestCase1" name="ShouldBeAbleToValidateEmail" time="34.95"/>
  <testcase classname="com.musala.testcases.TestCase1" name="ShouldBeAbleToValidateEmail" time="34.673"/>
  <testcase classname="com.musala.testcases.TestCase1" name="ShouldBeAbleToValidateEmail" time="34.99"/>
  <testcase classname="com.musala.testcases.TestCase1" name="ShouldBeAbleToValidateEmail" time="35.105"/>
  <testcase classname="com.musala.testcases.TestCase2" name="verifyCompanyPageURL" time="25.625"/>
  <testcase classname="com.musala.testcases.TestCase2" name="verifyLeadershipSection" time="25.582"/>
  <testcase classname="com.musala.testcases.TestCase2" name="verifyFBURLAndPorfileImg" time="29.831"/>
  <testcase classname="com.musala.testcases.TestCase3" name="IsJoinUsPageOpened" time="31.12"/>
  <testcase classname="com.musala.testcases.TestCase3" name="verifyMainSectionsDisplayed" time="30.196">
    <failure type="org.openqa.selenium.WebDriverException" message="unknown error: unexpected command response
  (Session info: chrome=103.0.5060.114)
Build info: version: &amp;apos;4.3.0&amp;apos;, revision: &amp;apos;a4995e2c09*&amp;apos;
System info: host: &amp;apos;DESKTOP-BUGJDR2&amp;apos;, ip: &amp;apos;15.15.15.173&amp;apos;, os.name: &amp;apos;Windows 10&amp;apos;, os.arch: &amp;apos;amd64&amp;apos;, os.version: &amp;apos;10.0&amp;apos;, java.version: &amp;apos;14.0.1&amp;apos;
Driver info: org.openqa.selenium.chrome.ChromeDriver
Command: [ecadcb8b52e467e3b36207e45ddc7d40, executeScript {script=arguments[0].click(), args=[{ELEMENT=a11836f0-f64b-4291-89ab-c4ae2b87612f, element-6066-11e4-a52e-4f735466cecf=a11836f0-f64b-4291-89ab-c4ae2b87612f}]}]
Capabilities {acceptInsecureCerts: false, browserName: chrome, browserVersion: 103.0.5060.114, chrome: {chromedriverVersion: 103.0.5060.53 (a1711811edd7..., userDataDir: C:\Users\Ibrahim\AppData\Lo...}, goog:chromeOptions: {debuggerAddress: localhost:52426}, networkConnectionEnabled: false, pageLoadStrategy: normal, platformName: WINDOWS, proxy: Proxy(), se:cdp: ws://localhost:52426/devtoo..., se:cdpVersion: 103.0.5060.114, setWindowRect: true, strictFileInteractability: false, timeouts: {implicit: 0, pageLoad: 300000, script: 30000}, unhandledPromptBehavior: dismiss and notify, webauthn:extension:credBlob: true, webauthn:extension:largeBlob: true, webauthn:virtualAuthenticators: true}
Session ID: ecadcb8b52e467e3b36207e45ddc7d40">
      <![CDATA[org.openqa.selenium.WebDriverException: unknown error: unexpected command response
  (Session info: chrome=103.0.5060.114)
Build info: version: '4.3.0', revision: 'a4995e2c09*'
System info: host: 'DESKTOP-BUGJDR2', ip: '15.15.15.173', os.name: 'Windows 10', os.arch: 'amd64', os.version: '10.0', java.version: '14.0.1'
Driver info: org.openqa.selenium.chrome.ChromeDriver
Command: [ecadcb8b52e467e3b36207e45ddc7d40, executeScript {script=arguments[0].click(), args=[{ELEMENT=a11836f0-f64b-4291-89ab-c4ae2b87612f, element-6066-11e4-a52e-4f735466cecf=a11836f0-f64b-4291-89ab-c4ae2b87612f}]}]
Capabilities {acceptInsecureCerts: false, browserName: chrome, browserVersion: 103.0.5060.114, chrome: {chromedriverVersion: 103.0.5060.53 (a1711811edd7..., userDataDir: C:\Users\Ibrahim\AppData\Lo...}, goog:chromeOptions: {debuggerAddress: localhost:52426}, networkConnectionEnabled: false, pageLoadStrategy: normal, platformName: WINDOWS, proxy: Proxy(), se:cdp: ws://localhost:52426/devtoo..., se:cdpVersion: 103.0.5060.114, setWindowRect: true, strictFileInteractability: false, timeouts: {implicit: 0, pageLoad: 300000, script: 30000}, unhandledPromptBehavior: dismiss and notify, webauthn:extension:credBlob: true, webauthn:extension:largeBlob: true, webauthn:virtualAuthenticators: true}
Session ID: ecadcb8b52e467e3b36207e45ddc7d40
at org.openqa.selenium.remote.codec.w3c.W3CHttpResponseCodec.createException(W3CHttpResponseCodec.java:200)
at org.openqa.selenium.remote.codec.w3c.W3CHttpResponseCodec.decode(W3CHttpResponseCodec.java:133)
at org.openqa.selenium.remote.codec.w3c.W3CHttpResponseCodec.decode(W3CHttpResponseCodec.java:53)
at org.openqa.selenium.remote.HttpCommandExecutor.execute(HttpCommandExecutor.java:184)
at org.openqa.selenium.remote.service.DriverCommandExecutor.invokeExecute(DriverCommandExecutor.java:167)
at org.openqa.selenium.remote.service.DriverCommandExecutor.execute(DriverCommandExecutor.java:142)
at org.openqa.selenium.remote.RemoteWebDriver.execute(RemoteWebDriver.java:569)
at org.openqa.selenium.remote.RemoteWebDriver.executeScript(RemoteWebDriver.java:503)
at com.musala.base.BasePage.clickByJavascript(BasePage.java:26)
at com.musala.pages.HomePage.clickOnCareerButton(HomePage.java:124)
at com.musala.testcases.TestCase3.verifyMainSectionsDisplayed(TestCase3.java:40)
at java.base/java.util.concurrent.ThreadPoolExecutor.runWorker(ThreadPoolExecutor.java:1130)
at java.base/java.util.concurrent.ThreadPoolExecutor$Worker.run(ThreadPoolExecutor.java:630)
at java.base/java.lang.Thread.run(Thread.java:832)
... Removed 17 stack frames]]>
    </failure>
  </testcase> <!-- verifyMainSectionsDisplayed -->
  <testcase classname="com.musala.testcases.TestCase3" name="verifyApplyButtonIsPresent" time="35.252"/>
  <testcase classname="com.musala.testcases.TestCase3" name="verifyApplyErrorMessagesAreShown" time="41.057"/>
  <testcase classname="com.musala.testcases.TestCase4" name="filterAndPrintAvailablePositionsByCity" time="32.168"/>
</testsuite> <!-- Surefire test -->
