<?xml version="1.0" encoding="UTF-8"?>
<testng-results ignored="0" total="10" passed="9" failed="1" skipped="0">
  <reporter-output>
  </reporter-output>
  <suite started-at="2022-07-18T22:55:45 EET" name="Surefire suite" finished-at="2022-07-18T23:02:19 EET" duration-ms="393276">
    <groups>
    </groups>
    <test started-at="2022-07-18T22:55:45 EET" name="Surefire test" finished-at="2022-07-18T23:02:19 EET" duration-ms="393276">
      <class name="com.musala.testcases.TestCase4">
        <test-method is-config="true" signature="setup()[pri:0, instance:com.musala.testcases.TestCase4@18324f97]" started-at="2022-07-18T22:58:36 EET" name="setup" finished-at="2022-07-18T22:58:38 EET" duration-ms="1277" status="PASS">
          <reporter-output>
          </reporter-output>
        </test-method> <!-- setup -->
        <test-method signature="filterAndPrintAvailablePositionsByCity()[pri:0, instance:com.musala.testcases.TestCase4@18324f97]" started-at="2022-07-18T22:58:38 EET" name="filterAndPrintAvailablePositionsByCity" description="Verify if system display and print the selected city positions" finished-at="2022-07-18T22:59:33 EET" duration-ms="55930" status="PASS">
          <reporter-output>
          </reporter-output>
        </test-method> <!-- filterAndPrintAvailablePositionsByCity -->
        <test-method is-config="true" signature="teardown(org.testng.ITestResult)[pri:0, instance:com.musala.testcases.TestCase4@18324f97]" started-at="2022-07-18T22:59:33 EET" name="teardown" finished-at="2022-07-18T22:59:35 EET" duration-ms="1265" status="PASS">
          <params>
            <param index="0">
              <value>
                <![CDATA[[TestResult name=filterAndPrintAvailablePositionsByCity status=SUCCESS method=TestCase4.filterAndPrintAvailablePositionsByCity()[pri:0, instance:com.musala.testcases.TestCase4@18324f97] output={null}]]]>
              </value>
            </param>
          </params>
          <reporter-output>
          </reporter-output>
        </test-method> <!-- teardown -->
      </class> <!-- com.musala.testcases.TestCase4 -->
      <class name="com.musala.testcases.TestCase3">
        <test-method is-config="true" signature="setup()[pri:0, instance:com.musala.testcases.TestCase3@60723d6a]" started-at="2022-07-18T23:00:05 EET" name="setup" finished-at="2022-07-18T23:00:06 EET" duration-ms="1282" status="PASS">
          <reporter-output>
          </reporter-output>
        </test-method> <!-- setup -->
        <test-method signature="verifyJoinUsPageAndMainSections()[pri:1, instance:com.musala.testcases.TestCase3@60723d6a]" started-at="2022-07-18T23:00:06 EET" name="verifyJoinUsPageAndMainSections" description="Verify that user navigated to Join Us Page and position page displays the main sections " finished-at="2022-07-18T23:01:01 EET" duration-ms="55288" status="PASS">
          <reporter-output>
          </reporter-output>
        </test-method> <!-- verifyJoinUsPageAndMainSections -->
        <test-method is-config="true" signature="teardown(org.testng.ITestResult)[pri:0, instance:com.musala.testcases.TestCase3@60723d6a]" started-at="2022-07-18T23:01:01 EET" name="teardown" finished-at="2022-07-18T23:01:02 EET" duration-ms="788" status="PASS">
          <params>
            <param index="0">
              <value>
                <![CDATA[[TestResult name=verifyJoinUsPageAndMainSections status=SUCCESS method=TestCase3.verifyJoinUsPageAndMainSections()[pri:1, instance:com.musala.testcases.TestCase3@60723d6a] output={null}]]]>
              </value>
            </param>
          </params>
          <reporter-output>
          </reporter-output>
        </test-method> <!-- teardown -->
        <test-method is-config="true" signature="setup()[pri:0, instance:com.musala.testcases.TestCase3@60723d6a]" started-at="2022-07-18T23:01:37 EET" name="setup" finished-at="2022-07-18T23:01:39 EET" duration-ms="1285" status="PASS">
          <reporter-output>
          </reporter-output>
        </test-method> <!-- setup -->
        <test-method signature="verifyApplyErrorMessagesAreShown()[pri:2, instance:com.musala.testcases.TestCase3@60723d6a]" started-at="2022-07-18T23:01:39 EET" name="verifyApplyErrorMessagesAreShown" description="Verify Error messages are shown for invalid data on Form" finished-at="2022-07-18T23:02:18 EET" duration-ms="39259" status="FAIL">
          <exception class="org.openqa.selenium.WebDriverException">
            <message>
              <![CDATA[unknown error: cannot determine loading status
from unknown error: unexpected command response
  (Session info: chrome=103.0.5060.114)
Build info: version: '4.3.0', revision: 'a4995e2c09*'
System info: host: 'DESKTOP-BUGJDR2', ip: '192.168.1.12', os.name: 'Windows 10', os.arch: 'amd64', os.version: '10.0', java.version: '14.0.1'
Driver info: org.openqa.selenium.chrome.ChromeDriver
Command: [dd1c76a895e5811ddcce1863035f273a, findElement {using=xpath, value=//*[@id="wpcf7-f880-o1"]/form/p[3]/span/span}]
Capabilities {acceptInsecureCerts: false, browserName: chrome, browserVersion: 103.0.5060.114, chrome: {chromedriverVersion: 103.0.5060.53 (a1711811edd7..., userDataDir: C:\Users\Ibrahim\AppData\Lo...}, goog:chromeOptions: {debuggerAddress: localhost:62172}, networkConnectionEnabled: false, pageLoadStrategy: normal, platformName: WINDOWS, proxy: Proxy(), se:cdp: ws://localhost:62172/devtoo..., se:cdpVersion: 103.0.5060.114, setWindowRect: true, strictFileInteractability: false, timeouts: {implicit: 0, pageLoad: 300000, script: 30000}, unhandledPromptBehavior: dismiss and notify, webauthn:extension:credBlob: true, webauthn:extension:largeBlob: true, webauthn:virtualAuthenticators: true}
Session ID: dd1c76a895e5811ddcce1863035f273a]]>
            </message>
            <full-stacktrace>
              <![CDATA[org.openqa.selenium.WebDriverException: unknown error: cannot determine loading status
from unknown error: unexpected command response
  (Session info: chrome=103.0.5060.114)
Build info: version: '4.3.0', revision: 'a4995e2c09*'
System info: host: 'DESKTOP-BUGJDR2', ip: '192.168.1.12', os.name: 'Windows 10', os.arch: 'amd64', os.version: '10.0', java.version: '14.0.1'
Driver info: org.openqa.selenium.chrome.ChromeDriver
Command: [dd1c76a895e5811ddcce1863035f273a, findElement {using=xpath, value=//*[@id="wpcf7-f880-o1"]/form/p[3]/span/span}]
Capabilities {acceptInsecureCerts: false, browserName: chrome, browserVersion: 103.0.5060.114, chrome: {chromedriverVersion: 103.0.5060.53 (a1711811edd7..., userDataDir: C:\Users\Ibrahim\AppData\Lo...}, goog:chromeOptions: {debuggerAddress: localhost:62172}, networkConnectionEnabled: false, pageLoadStrategy: normal, platformName: WINDOWS, proxy: Proxy(), se:cdp: ws://localhost:62172/devtoo..., se:cdpVersion: 103.0.5060.114, setWindowRect: true, strictFileInteractability: false, timeouts: {implicit: 0, pageLoad: 300000, script: 30000}, unhandledPromptBehavior: dismiss and notify, webauthn:extension:credBlob: true, webauthn:extension:largeBlob: true, webauthn:virtualAuthenticators: true}
Session ID: dd1c76a895e5811ddcce1863035f273a
at java.base/jdk.internal.reflect.NativeConstructorAccessorImpl.newInstance0(Native Method)
at java.base/jdk.internal.reflect.NativeConstructorAccessorImpl.newInstance(NativeConstructorAccessorImpl.java:62)
at java.base/jdk.internal.reflect.DelegatingConstructorAccessorImpl.newInstance(DelegatingConstructorAccessorImpl.java:45)
at java.base/java.lang.reflect.Constructor.newInstanceWithCaller(Constructor.java:500)
at java.base/java.lang.reflect.Constructor.newInstance(Constructor.java:481)
at org.openqa.selenium.remote.codec.w3c.W3CHttpResponseCodec.createException(W3CHttpResponseCodec.java:200)
at org.openqa.selenium.remote.codec.w3c.W3CHttpResponseCodec.decode(W3CHttpResponseCodec.java:133)
at org.openqa.selenium.remote.codec.w3c.W3CHttpResponseCodec.decode(W3CHttpResponseCodec.java:53)
at org.openqa.selenium.remote.HttpCommandExecutor.execute(HttpCommandExecutor.java:184)
at org.openqa.selenium.remote.service.DriverCommandExecutor.invokeExecute(DriverCommandExecutor.java:167)
at org.openqa.selenium.remote.service.DriverCommandExecutor.execute(DriverCommandExecutor.java:142)
at org.openqa.selenium.remote.RemoteWebDriver.execute(RemoteWebDriver.java:569)
at org.openqa.selenium.remote.ElementLocation$ElementFinder$2.findElement(ElementLocation.java:162)
at org.openqa.selenium.remote.ElementLocation.findElement(ElementLocation.java:60)
at org.openqa.selenium.remote.RemoteWebDriver.findElement(RemoteWebDriver.java:387)
at org.openqa.selenium.remote.RemoteWebDriver.findElement(RemoteWebDriver.java:379)
at org.openqa.selenium.support.ui.ExpectedConditions$6.apply(ExpectedConditions.java:174)
at org.openqa.selenium.support.ui.ExpectedConditions$6.apply(ExpectedConditions.java:171)
at org.openqa.selenium.support.ui.FluentWait.until(FluentWait.java:208)
at com.musala.base.BasePage.presenceOfElement(BasePage.java:34)
at com.musala.pages.ApplyPositionPage.getEmailErrorMessage(ApplyPositionPage.java:67)
at com.musala.testcases.TestCase3.verifyApplyErrorMessagesAreShown(TestCase3.java:62)
at java.base/jdk.internal.reflect.NativeMethodAccessorImpl.invoke0(Native Method)
at java.base/jdk.internal.reflect.NativeMethodAccessorImpl.invoke(NativeMethodAccessorImpl.java:62)
at java.base/jdk.internal.reflect.DelegatingMethodAccessorImpl.invoke(DelegatingMethodAccessorImpl.java:43)
at java.base/java.lang.reflect.Method.invoke(Method.java:564)
at org.testng.internal.invokers.MethodInvocationHelper.invokeMethod(MethodInvocationHelper.java:139)
at org.testng.internal.invokers.TestInvoker.invokeMethod(TestInvoker.java:677)
at org.testng.internal.invokers.TestInvoker.invokeTestMethod(TestInvoker.java:221)
at org.testng.internal.invokers.MethodRunner.runInSequence(MethodRunner.java:50)
at org.testng.internal.invokers.TestInvoker$MethodInvocationAgent.invoke(TestInvoker.java:962)
at org.testng.internal.invokers.TestInvoker.invokeTestMethods(TestInvoker.java:194)
at org.testng.internal.invokers.TestMethodWorker.invokeTestMethods(TestMethodWorker.java:148)
at org.testng.internal.invokers.TestMethodWorker.run(TestMethodWorker.java:128)
at java.base/java.util.concurrent.ThreadPoolExecutor.runWorker(ThreadPoolExecutor.java:1130)
at java.base/java.util.concurrent.ThreadPoolExecutor$Worker.run(ThreadPoolExecutor.java:630)
at java.base/java.lang.Thread.run(Thread.java:832)
]]>
            </full-stacktrace>
          </exception> <!-- org.openqa.selenium.WebDriverException -->
          <reporter-output>
          </reporter-output>
        </test-method> <!-- verifyApplyErrorMessagesAreShown -->
        <test-method is-config="true" signature="teardown(org.testng.ITestResult)[pri:0, instance:com.musala.testcases.TestCase3@60723d6a]" started-at="2022-07-18T23:02:18 EET" name="teardown" finished-at="2022-07-18T23:02:19 EET" duration-ms="880" status="PASS">
          <params>
            <param index="0">
              <value>
                <![CDATA[[TestResult name=verifyApplyErrorMessagesAreShown status=FAILURE method=TestCase3.verifyApplyErrorMessagesAreShown()[pri:2, instance:com.musala.testcases.TestCase3@60723d6a] output={null}]]]>
              </value>
            </param>
          </params>
          <reporter-output>
          </reporter-output>
        </test-method> <!-- teardown -->
      </class> <!-- com.musala.testcases.TestCase3 -->
      <class name="com.musala.testcases.TestCase2">
        <test-method is-config="true" signature="setup()[pri:0, instance:com.musala.testcases.TestCase2@2b97cc1f]" started-at="2022-07-18T22:59:35 EET" name="setup" finished-at="2022-07-18T22:59:36 EET" duration-ms="1303" status="PASS">
          <reporter-output>
          </reporter-output>
        </test-method> <!-- setup -->
        <test-method signature="verifyCompanyPageURLandLeadershipSection()[pri:1, instance:com.musala.testcases.TestCase2@2b97cc1f]" started-at="2022-07-18T22:59:36 EET" name="verifyCompanyPageURLandLeadershipSection" description="Verify if User can navigate to Company Page and the displayed Leadership section" finished-at="2022-07-18T23:00:04 EET" duration-ms="27826" status="PASS">
          <reporter-output>
          </reporter-output>
        </test-method> <!-- verifyCompanyPageURLandLeadershipSection -->
        <test-method is-config="true" signature="teardown(org.testng.ITestResult)[pri:0, instance:com.musala.testcases.TestCase2@2b97cc1f]" started-at="2022-07-18T23:00:04 EET" name="teardown" finished-at="2022-07-18T23:00:05 EET" duration-ms="915" status="PASS">
          <params>
            <param index="0">
              <value>
                <![CDATA[[TestResult name=verifyCompanyPageURLandLeadershipSection status=SUCCESS method=TestCase2.verifyCompanyPageURLandLeadershipSection()[pri:1, instance:com.musala.testcases.TestCase2@2b97cc1f] output={null}]]]>
              </value>
            </param>
          </params>
          <reporter-output>
          </reporter-output>
        </test-method> <!-- teardown -->
        <test-method is-config="true" signature="setup()[pri:0, instance:com.musala.testcases.TestCase2@2b97cc1f]" started-at="2022-07-18T23:01:02 EET" name="setup" finished-at="2022-07-18T23:01:03 EET" duration-ms="1255" status="PASS">
          <reporter-output>
          </reporter-output>
        </test-method> <!-- setup -->
        <test-method signature="verifyFBurlAndPorfileImg()[pri:2, instance:com.musala.testcases.TestCase2@2b97cc1f]" started-at="2022-07-18T23:01:03 EET" name="verifyFBurlAndPorfileImg" description="Verify if User can navigate to Company Page then Facebook Page and profile picture Displayed" finished-at="2022-07-18T23:01:36 EET" duration-ms="33040" status="PASS">
          <reporter-output>
          </reporter-output>
        </test-method> <!-- verifyFBurlAndPorfileImg -->
        <test-method is-config="true" signature="teardown(org.testng.ITestResult)[pri:0, instance:com.musala.testcases.TestCase2@2b97cc1f]" started-at="2022-07-18T23:01:36 EET" name="teardown" finished-at="2022-07-18T23:01:37 EET" duration-ms="801" status="PASS">
          <params>
            <param index="0">
              <value>
                <![CDATA[[TestResult name=verifyFBurlAndPorfileImg status=SUCCESS method=TestCase2.verifyFBurlAndPorfileImg()[pri:2, instance:com.musala.testcases.TestCase2@2b97cc1f] output={null}]]]>
              </value>
            </param>
          </params>
          <reporter-output>
          </reporter-output>
        </test-method> <!-- teardown -->
      </class> <!-- com.musala.testcases.TestCase2 -->
      <class name="com.musala.testcases.TestCase1">
        <test-method is-config="true" signature="setup()[pri:0, instance:com.musala.testcases.TestCase1@102d92c4]" started-at="2022-07-18T22:55:47 EET" name="setup" finished-at="2022-07-18T22:55:50 EET" duration-ms="3171" status="PASS">
          <reporter-output>
          </reporter-output>
        </test-method> <!-- setup -->
        <test-method signature="shouldBeAbleToValidateEmail(java.lang.String)[pri:0, instance:com.musala.testcases.TestCase1@102d92c4]" started-at="2022-07-18T22:55:50 EET" name="shouldBeAbleToValidateEmail" description="Verify that error message The e-mail address entered is invalid appears" data-provider="ExcelData" finished-at="2022-07-18T22:56:22 EET" duration-ms="31958" status="PASS">
          <params>
            <param index="0">
              <value>
                <![CDATA[test..@@gmail...com..]]>
              </value>
            </param>
          </params>
          <reporter-output>
          </reporter-output>
        </test-method> <!-- shouldBeAbleToValidateEmail -->
        <test-method is-config="true" signature="teardown(org.testng.ITestResult)[pri:0, instance:com.musala.testcases.TestCase1@102d92c4]" started-at="2022-07-18T22:56:22 EET" name="teardown" finished-at="2022-07-18T22:56:23 EET" duration-ms="814" status="PASS">
          <params>
            <param index="0">
              <value>
                <![CDATA[[TestResult name=shouldBeAbleToValidateEmail status=SUCCESS method=TestCase1.shouldBeAbleToValidateEmail(java.lang.String)[pri:0, instance:com.musala.testcases.TestCase1@102d92c4] output={null}]]]>
              </value>
            </param>
          </params>
          <reporter-output>
          </reporter-output>
        </test-method> <!-- teardown -->
        <test-method is-config="true" signature="setup()[pri:0, instance:com.musala.testcases.TestCase1@102d92c4]" started-at="2022-07-18T22:56:23 EET" name="setup" finished-at="2022-07-18T22:56:24 EET" duration-ms="1309" status="PASS">
          <reporter-output>
          </reporter-output>
        </test-method> <!-- setup -->
        <test-method signature="shouldBeAbleToValidateEmail(java.lang.String)[pri:0, instance:com.musala.testcases.TestCase1@102d92c4]" started-at="2022-07-18T22:56:24 EET" name="shouldBeAbleToValidateEmail" description="Verify that error message The e-mail address entered is invalid appears" data-provider="ExcelData" finished-at="2022-07-18T22:56:55 EET" duration-ms="31205" status="PASS">
          <params>
            <param index="0">
              <value>
                <![CDATA[testtest]]>
              </value>
            </param>
          </params>
          <reporter-output>
          </reporter-output>
        </test-method> <!-- shouldBeAbleToValidateEmail -->
        <test-method is-config="true" signature="teardown(org.testng.ITestResult)[pri:0, instance:com.musala.testcases.TestCase1@102d92c4]" started-at="2022-07-18T22:56:55 EET" name="teardown" finished-at="2022-07-18T22:56:56 EET" duration-ms="1124" status="PASS">
          <params>
            <param index="0">
              <value>
                <![CDATA[[TestResult name=shouldBeAbleToValidateEmail status=SUCCESS method=TestCase1.shouldBeAbleToValidateEmail(java.lang.String)[pri:0, instance:com.musala.testcases.TestCase1@102d92c4] output={null}]]]>
              </value>
            </param>
          </params>
          <reporter-output>
          </reporter-output>
        </test-method> <!-- teardown -->
        <test-method is-config="true" signature="setup()[pri:0, instance:com.musala.testcases.TestCase1@102d92c4]" started-at="2022-07-18T22:56:56 EET" name="setup" finished-at="2022-07-18T22:56:58 EET" duration-ms="1207" status="PASS">
          <reporter-output>
          </reporter-output>
        </test-method> <!-- setup -->
        <test-method signature="shouldBeAbleToValidateEmail(java.lang.String)[pri:0, instance:com.musala.testcases.TestCase1@102d92c4]" started-at="2022-07-18T22:56:58 EET" name="shouldBeAbleToValidateEmail" description="Verify that error message The e-mail address entered is invalid appears" data-provider="ExcelData" finished-at="2022-07-18T22:57:29 EET" duration-ms="30983" status="PASS">
          <params>
            <param index="0">
              <value>
                <![CDATA[@gmail.com]]>
              </value>
            </param>
          </params>
          <reporter-output>
          </reporter-output>
        </test-method> <!-- shouldBeAbleToValidateEmail -->
        <test-method is-config="true" signature="teardown(org.testng.ITestResult)[pri:0, instance:com.musala.testcases.TestCase1@102d92c4]" started-at="2022-07-18T22:57:29 EET" name="teardown" finished-at="2022-07-18T22:57:29 EET" duration-ms="754" status="PASS">
          <params>
            <param index="0">
              <value>
                <![CDATA[[TestResult name=shouldBeAbleToValidateEmail status=SUCCESS method=TestCase1.shouldBeAbleToValidateEmail(java.lang.String)[pri:0, instance:com.musala.testcases.TestCase1@102d92c4] output={null}]]]>
              </value>
            </param>
          </params>
          <reporter-output>
          </reporter-output>
        </test-method> <!-- teardown -->
        <test-method is-config="true" signature="setup()[pri:0, instance:com.musala.testcases.TestCase1@102d92c4]" started-at="2022-07-18T22:57:29 EET" name="setup" finished-at="2022-07-18T22:57:31 EET" duration-ms="1281" status="PASS">
          <reporter-output>
          </reporter-output>
        </test-method> <!-- setup -->
        <test-method signature="shouldBeAbleToValidateEmail(java.lang.String)[pri:0, instance:com.musala.testcases.TestCase1@102d92c4]" started-at="2022-07-18T22:57:31 EET" name="shouldBeAbleToValidateEmail" description="Verify that error message The e-mail address entered is invalid appears" data-provider="ExcelData" finished-at="2022-07-18T22:58:02 EET" duration-ms="31743" status="PASS">
          <params>
            <param index="0">
              <value>
                <![CDATA[testtest@gmailcom.]]>
              </value>
            </param>
          </params>
          <reporter-output>
          </reporter-output>
        </test-method> <!-- shouldBeAbleToValidateEmail -->
        <test-method is-config="true" signature="teardown(org.testng.ITestResult)[pri:0, instance:com.musala.testcases.TestCase1@102d92c4]" started-at="2022-07-18T22:58:02 EET" name="teardown" finished-at="2022-07-18T22:58:03 EET" duration-ms="769" status="PASS">
          <params>
            <param index="0">
              <value>
                <![CDATA[[TestResult name=shouldBeAbleToValidateEmail status=SUCCESS method=TestCase1.shouldBeAbleToValidateEmail(java.lang.String)[pri:0, instance:com.musala.testcases.TestCase1@102d92c4] output={null}]]]>
              </value>
            </param>
          </params>
          <reporter-output>
          </reporter-output>
        </test-method> <!-- teardown -->
        <test-method is-config="true" signature="setup()[pri:0, instance:com.musala.testcases.TestCase1@102d92c4]" started-at="2022-07-18T22:58:03 EET" name="setup" finished-at="2022-07-18T22:58:04 EET" duration-ms="1278" status="PASS">
          <reporter-output>
          </reporter-output>
        </test-method> <!-- setup -->
        <test-method signature="shouldBeAbleToValidateEmail(java.lang.String)[pri:0, instance:com.musala.testcases.TestCase1@102d92c4]" started-at="2022-07-18T22:58:04 EET" name="shouldBeAbleToValidateEmail" description="Verify that error message The e-mail address entered is invalid appears" data-provider="ExcelData" finished-at="2022-07-18T22:58:36 EET" duration-ms="31137" status="PASS">
          <params>
            <param index="0">
              <value>
                <![CDATA[testtest.com]]>
              </value>
            </param>
          </params>
          <reporter-output>
          </reporter-output>
        </test-method> <!-- shouldBeAbleToValidateEmail -->
        <test-method is-config="true" signature="teardown(org.testng.ITestResult)[pri:0, instance:com.musala.testcases.TestCase1@102d92c4]" started-at="2022-07-18T22:58:36 EET" name="teardown" finished-at="2022-07-18T22:58:36 EET" duration-ms="743" status="PASS">
          <params>
            <param index="0">
              <value>
                <![CDATA[[TestResult name=shouldBeAbleToValidateEmail status=SUCCESS method=TestCase1.shouldBeAbleToValidateEmail(java.lang.String)[pri:0, instance:com.musala.testcases.TestCase1@102d92c4] output={null}]]]>
              </value>
            </param>
          </params>
          <reporter-output>
          </reporter-output>
        </test-method> <!-- teardown -->
      </class> <!-- com.musala.testcases.TestCase1 -->
    </test> <!-- Surefire test -->
  </suite> <!-- Surefire suite -->
</testng-results>
